2016-10-27 10:15:20 INFO  Log4jDemo:12 - Sample info message
2016-10-27 10:15:20 WARN  Log4jDemo:13 - Sample warn message
2016-10-27 10:15:20 ERROR Log4jDemo:14 - Sample error message
2016-10-27 10:15:20 FATAL Log4jDemo:15 - Sample fatal message
2016-10-27 11:04:48 WARN  Log4jDemo:13 - Sample warn message
2016-10-27 11:04:48 ERROR Log4jDemo:14 - Sample error message
2016-10-27 11:04:48 FATAL Log4jDemo:15 - Sample fatal message
2016-10-27 11:05:58 DEBUG Log4jDemo:11 - Sample debug message
2016-10-27 11:05:58 INFO  Log4jDemo:12 - Sample info message
2016-10-27 11:05:58 WARN  Log4jDemo:13 - Sample warn message
2016-10-27 11:05:58 ERROR Log4jDemo:14 - Sample error message
2016-10-27 11:05:58 FATAL Log4jDemo:15 - Sample fatal message
2016-10-27 11:48:16 INFO  Log4jDemo:12 - Sample info message
2016-10-27 11:48:16 WARN  Log4jDemo:13 - Sample warn message
2016-10-27 11:48:16 ERROR Log4jDemo:14 - Sample error message
2016-10-27 11:48:16 FATAL Log4jDemo:15 - Sample fatal message
2016-10-27 12:39:18 INFO  Log4jDemo:12 - Sample info message
2016-10-27 12:39:18 WARN  Log4jDemo:13 - Sample warn message
2016-10-27 12:39:18 ERROR Log4jDemo:14 - Sample error message
2016-10-27 12:39:18 FATAL Log4jDemo:15 - Sample fatal message
2016-10-27 12:40:16 INFO  Log4jDemo:12 - Sample info message
2016-10-27 12:40:16 WARN  Log4jDemo:13 - Sample warn message
2016-10-27 12:40:16 ERROR Log4jDemo:14 - Sample error message
2016-10-27 12:40:16 FATAL Log4jDemo:15 - Sample fatal message
